<?xml version="1.0" encoding="UTF-8"?>
<testsuite name="ru.alfabattle.task3.Task3ApplicationTests" tests="1" skipped="0" failures="0" errors="0" timestamp="2020-06-27T12:57:28" hostname="archlinux" time="0.163">
  <properties/>
  <testcase name="contextLoads()" classname="ru.alfabattle.task3.Task3ApplicationTests" time="0.163"/>
  <system-out><![CDATA[15:57:26.397 [Test worker] DEBUG org.springframework.test.context.BootstrapUtils - Instantiating CacheAwareContextLoaderDelegate from class [org.springframework.test.context.cache.DefaultCacheAwareContextLoaderDelegate]
15:57:26.405 [Test worker] DEBUG org.springframework.test.context.BootstrapUtils - Instantiating BootstrapContext using constructor [public org.springframework.test.context.support.DefaultBootstrapContext(java.lang.Class,org.springframework.test.context.CacheAwareContextLoaderDelegate)]
15:57:26.423 [Test worker] DEBUG org.springframework.test.context.BootstrapUtils - Instantiating TestContextBootstrapper for test class [ru.alfabattle.task3.Task3ApplicationTests] from class [org.springframework.boot.test.context.SpringBootTestContextBootstrapper]
15:57:26.431 [Test worker] INFO org.springframework.boot.test.context.SpringBootTestContextBootstrapper - Neither @ContextConfiguration nor @ContextHierarchy found for test class [ru.alfabattle.task3.Task3ApplicationTests], using SpringBootContextLoader
15:57:26.433 [Test worker] DEBUG org.springframework.test.context.support.AbstractContextLoader - Did not detect default resource location for test class [ru.alfabattle.task3.Task3ApplicationTests]: class path resource [ru/alfabattle/task3/Task3ApplicationTests-context.xml] does not exist
15:57:26.433 [Test worker] DEBUG org.springframework.test.context.support.AbstractContextLoader - Did not detect default resource location for test class [ru.alfabattle.task3.Task3ApplicationTests]: class path resource [ru/alfabattle/task3/Task3ApplicationTestsContext.groovy] does not exist
15:57:26.433 [Test worker] INFO org.springframework.test.context.support.AbstractContextLoader - Could not detect default resource locations for test class [ru.alfabattle.task3.Task3ApplicationTests]: no resource found for suffixes {-context.xml, Context.groovy}.
15:57:26.434 [Test worker] INFO org.springframework.test.context.support.AnnotationConfigContextLoaderUtils - Could not detect default configuration classes for test class [ru.alfabattle.task3.Task3ApplicationTests]: Task3ApplicationTests does not declare any static, non-private, non-final, nested classes annotated with @Configuration.
15:57:26.455 [Test worker] DEBUG org.springframework.test.context.support.ActiveProfilesUtils - Could not find an 'annotation declaring class' for annotation type [org.springframework.test.context.ActiveProfiles] and class [ru.alfabattle.task3.Task3ApplicationTests]
15:57:26.487 [Test worker] DEBUG org.springframework.context.annotation.ClassPathScanningCandidateComponentProvider - Identified candidate component class: file [/home/dmitry/alfa/task3/build/classes/kotlin/main/ru/alfabattle/task3/Task3Application.class]
15:57:26.488 [Test worker] INFO org.springframework.boot.test.context.SpringBootTestContextBootstrapper - Found @SpringBootConfiguration ru.alfabattle.task3.Task3Application for test class ru.alfabattle.task3.Task3ApplicationTests
15:57:26.544 [Test worker] DEBUG org.springframework.boot.test.context.SpringBootTestContextBootstrapper - @TestExecutionListeners is not present for class [ru.alfabattle.task3.Task3ApplicationTests]: using defaults.
15:57:26.545 [Test worker] INFO org.springframework.boot.test.context.SpringBootTestContextBootstrapper - Loaded default TestExecutionListener class names from location [META-INF/spring.factories]: [org.springframework.boot.test.autoconfigure.restdocs.RestDocsTestExecutionListener, org.springframework.boot.test.autoconfigure.web.client.MockRestServiceServerResetTestExecutionListener, org.springframework.boot.test.autoconfigure.web.servlet.MockMvcPrintOnlyOnFailureTestExecutionListener, org.springframework.boot.test.autoconfigure.web.servlet.WebDriverTestExecutionListener, org.springframework.boot.test.autoconfigure.webservices.client.MockWebServiceServerTestExecutionListener, org.springframework.boot.test.mock.mockito.MockitoTestExecutionListener, org.springframework.boot.test.mock.mockito.ResetMocksTestExecutionListener, org.springframework.test.context.web.ServletTestExecutionListener, org.springframework.test.context.support.DirtiesContextBeforeModesTestExecutionListener, org.springframework.test.context.support.DependencyInjectionTestExecutionListener, org.springframework.test.context.support.DirtiesContextTestExecutionListener, org.springframework.test.context.transaction.TransactionalTestExecutionListener, org.springframework.test.context.jdbc.SqlScriptsTestExecutionListener, org.springframework.test.context.event.EventPublishingTestExecutionListener]
15:57:26.554 [Test worker] INFO org.springframework.boot.test.context.SpringBootTestContextBootstrapper - Using TestExecutionListeners: [org.springframework.test.context.web.ServletTestExecutionListener@10627bbe, org.springframework.test.context.support.DirtiesContextBeforeModesTestExecutionListener@60ed1826, org.springframework.boot.test.mock.mockito.MockitoTestExecutionListener@7eeec258, org.springframework.boot.test.autoconfigure.SpringBootDependencyInjectionTestExecutionListener@37defe43, org.springframework.test.context.support.DirtiesContextTestExecutionListener@3462cc8d, org.springframework.test.context.transaction.TransactionalTestExecutionListener@3cc6ce0f, org.springframework.test.context.jdbc.SqlScriptsTestExecutionListener@34b227cd, org.springframework.test.context.event.EventPublishingTestExecutionListener@745eebfe, org.springframework.boot.test.autoconfigure.restdocs.RestDocsTestExecutionListener@567a575c, org.springframework.boot.test.autoconfigure.web.client.MockRestServiceServerResetTestExecutionListener@5c464d2a, org.springframework.boot.test.autoconfigure.web.servlet.MockMvcPrintOnlyOnFailureTestExecutionListener@796f8520, org.springframework.boot.test.autoconfigure.web.servlet.WebDriverTestExecutionListener@7a6d80e8, org.springframework.boot.test.autoconfigure.webservices.client.MockWebServiceServerTestExecutionListener@7ea9e84e, org.springframework.boot.test.mock.mockito.ResetMocksTestExecutionListener@10e8c5ac]
15:57:26.557 [Test worker] DEBUG org.springframework.test.context.support.AbstractDirtiesContextTestExecutionListener - Before test class: context [DefaultTestContext@7241809e testClass = Task3ApplicationTests, testInstance = [null], testMethod = [null], testException = [null], mergedContextConfiguration = [WebMergedContextConfiguration@2876da33 testClass = Task3ApplicationTests, locations = '{}', classes = '{class ru.alfabattle.task3.Task3Application}', contextInitializerClasses = '[]', activeProfiles = '{}', propertySourceLocations = '{}', propertySourceProperties = '{org.springframework.boot.test.context.SpringBootTestContextBootstrapper=true}', contextCustomizers = set[org.springframework.boot.test.autoconfigure.properties.PropertyMappingContextCustomizer@0, org.springframework.boot.test.autoconfigure.web.servlet.WebDriverContextCustomizerFactory$Customizer@6ff27df6, org.springframework.boot.test.context.filter.ExcludeFilterContextCustomizer@19de8466, org.springframework.boot.test.json.DuplicateJsonObjectContextCustomizerFactory$DuplicateJsonObjectContextCustomizer@19c3323f, org.springframework.boot.test.mock.mockito.MockitoContextCustomizer@0, org.springframework.boot.test.web.client.TestRestTemplateContextCustomizer@6c1fff5a, org.springframework.boot.test.context.SpringBootTestArgs@1], resourceBasePath = 'src/main/webapp', contextLoader = 'org.springframework.boot.test.context.SpringBootContextLoader', parent = [null]], attributes = map['org.springframework.test.context.web.ServletTestExecutionListener.activateListener' -> true]], class annotated with @DirtiesContext [false] with mode [null].
15:57:26.570 [Test worker] DEBUG org.springframework.test.context.support.TestPropertySourceUtils - Adding inlined properties to environment: {spring.jmx.enabled=false, org.springframework.boot.test.context.SpringBootTestContextBootstrapper=true}
2020-06-27 15:57:26.798  INFO 54863 --- [    Test worker] r.a.task3.Task3ApplicationTests          : Starting Task3ApplicationTests on archlinux with PID 54863 (started by dmitry in /home/dmitry/alfa/task3)
2020-06-27 15:57:26.802  INFO 54863 --- [    Test worker] r.a.task3.Task3ApplicationTests          : No active profile set, falling back to default profiles: default
2020-06-27 15:57:27.938  INFO 54863 --- [    Test worker] o.s.s.concurrent.ThreadPoolTaskExecutor  : Initializing ExecutorService 'applicationTaskExecutor'
2020-06-27 15:57:28.147  INFO 54863 --- [    Test worker] r.a.task3.Task3ApplicationTests          : Started Task3ApplicationTests in 1.573 seconds (JVM running for 2.237)
]]></system-out>
  <system-err><![CDATA[]]></system-err>
</testsuite>
